Build started 9/23/2014 4:25:26 PM.
     1>Project "C:\Users\Wk\Documents\GitHub\ArenaFight\ArenaFight\ArenaFight.vcxproj" on node 2 (Build target(s)).
     1>ClCompile:
         C:\Program Files (x86)\Microsoft Visual Studio 11.0\VC\bin\CL.exe /c /I"C:\SFML-2.1\include" /Zi /nologo /W3 /WX- /sdl /O2 /Oi /Oy- /GL /D SFML_STATIC /D WIN32 /D NDEBUG /D _CONSOLE /D _UNICODE /D UNICODE /Gm- /EHsc /MD /GS /Gy /fp:precise /Zc:wchar_t /Zc:forScope /Fo"Release\\" /Fd"Release\vc110.pdb" /Gd /TP /analyze- /errorReport:prompt PauseState.cpp
         PauseState.cpp
       Link:
         C:\Program Files (x86)\Microsoft Visual Studio 11.0\VC\bin\link.exe /ERRORREPORT:PROMPT /OUT:"C:\Users\Wk\Documents\GitHub\ArenaFight\Release\ArenaFight.exe" /INCREMENTAL:NO /NOLOGO /LIBPATH:"C:\SFML-2.1\lib" "sfml-main.lib" "sfml-graphics-s.lib" "sfml-window-s.lib" "sfml-system-s.lib" kernel32.lib user32.lib gdi32.lib winspool.lib comdlg32.lib advapi32.lib shell32.lib ole32.lib oleaut32.lib uuid.lib odbc32.lib odbccp32.lib kernel32.lib user32.lib gdi32.lib winspool.lib comdlg32.lib advapi32.lib shell32.lib ole32.lib oleaut32.lib uuid.lib odbc32.lib odbccp32.lib /MANIFEST /MANIFESTUAC:"level='asInvoker' uiAccess='false'" /manifest:embed /DEBUG /PDB:"C:\Users\Wk\Documents\GitHub\ArenaFight\Release\ArenaFight.pdb" /SUBSYSTEM:CONSOLE /OPT:REF /OPT:ICF /LTCG /TLBID:1 /DYNAMICBASE /NXCOMPAT /IMPLIB:"C:\Users\Wk\Documents\GitHub\ArenaFight\Release\ArenaFight.lib" /MACHINE:X86 /SAFESEH Release\Application.obj
         Release\GameState.obj
         Release\Main.obj
         Release\MenuState.obj
         Release\PauseState.obj
         Release\State.obj
         Release\StateStack.obj
         Release\TitleState.obj
         Release\Utility.obj
         Release\World.obj
         Generating code
         Finished generating code
         ArenaFight.vcxproj -> C:\Users\Wk\Documents\GitHub\ArenaFight\Release\ArenaFight.exe
     1>Done Building Project "C:\Users\Wk\Documents\GitHub\ArenaFight\ArenaFight\ArenaFight.vcxproj" (Build target(s)).

Build succeeded.

Time Elapsed 00:00:04.20
